Using pre-set license
Built from '2020.3/staging' branch; Version is '2020.3.25f1 (9b9180224418) revision 10195328'; Using compiler version '192528614'; Build Type 'Release'
OS: 'Windows 11  (10.0.22000) 64bit Core' Language: 'en' Physical Memory: 15789 MB
BatchMode: 1, IsHumanControllingUs: 0, StartBugReporterOnCrash: 0, Is64bit: 1, IsPro: 0

COMMAND LINE ARGUMENTS:
C:\Program Files\Unity\Hub\Editor\2020.3.25f1\Editor\Unity.exe
-adb2
-batchMode
-noUpm
-name
AssetImportWorker0
-projectPath
C:/Users/tsoph/Documents/FBLA_Game/FBLA_Game
-logFile
Logs/AssetImportWorker0.log
-srvPort
57233
Successfully changed project path to: C:/Users/tsoph/Documents/FBLA_Game/FBLA_Game
C:/Users/tsoph/Documents/FBLA_Game/FBLA_Game
Using Asset Import Pipeline V2.
Refreshing native plugins compatible for Editor in 40.02 ms, found 3 plugins.
Preloading 0 native plugins for Editor in 0.00 ms.
Initialize engine version: 2020.3.25f1 (9b9180224418)
[Subsystems] Discovering subsystems at path C:/Program Files/Unity/Hub/Editor/2020.3.25f1/Editor/Data/Resources/UnitySubsystems
[Subsystems] Discovering subsystems at path C:/Users/tsoph/Documents/FBLA_Game/FBLA_Game/Assets
GfxDevice: creating device client; threaded=0
Direct3D:
    Version:  Direct3D 11.0 [level 11.1]
    Renderer: NVIDIA GeForce RTX 2060 with Max-Q Design (ID=0x1f12)
    Vendor:   
    VRAM:     5980 MB
    Driver:   30.0.14.9729
Initialize mono
Mono path[0] = 'C:/Program Files/Unity/Hub/Editor/2020.3.25f1/Editor/Data/Managed'
Mono path[1] = 'C:/Program Files/Unity/Hub/Editor/2020.3.25f1/Editor/Data/MonoBleedingEdge/lib/mono/unityjit'
Mono config path = 'C:/Program Files/Unity/Hub/Editor/2020.3.25f1/Editor/Data/MonoBleedingEdge/etc'
Using monoOptions --debugger-agent=transport=dt_socket,embedding=1,server=y,suspend=n,address=127.0.0.1:56924
Begin MonoManager ReloadAssembly
Registering precompiled unity dll's ...
Register platform support module: C:/Program Files/Unity/Hub/Editor/2020.3.25f1/Editor/Data/PlaybackEngines/WindowsStandaloneSupport/UnityEditor.WindowsStandalone.Extensions.dll
Registered in 0.001269 seconds.
Native extension for WindowsStandalone target not found
Refreshing native plugins compatible for Editor in 40.31 ms, found 3 plugins.
Preloading 0 native plugins for Editor in 0.00 ms.
Mono: successfully reloaded assembly
- Completed reload, in  0.485 seconds
Domain Reload Profiling:
	ReloadAssembly (485ms)
		BeginReloadAssembly (46ms)
			ExecutionOrderSort (0ms)
			DisableScriptedObjects (0ms)
			BackupInstance (0ms)
			ReleaseScriptingObjects (0ms)
			CreateAndSetChildDomain (1ms)
		EndReloadAssembly (380ms)
			LoadAssemblies (44ms)
			RebuildTransferFunctionScriptingTraits (0ms)
			SetupTypeCache (121ms)
			ReleaseScriptCaches (0ms)
			RebuildScriptCaches (26ms)
			SetupLoadedEditorAssemblies (149ms)
				LogAssemblyErrors (0ms)
				InitializePlatformSupportModulesInManaged (3ms)
				SetLoadedEditorAssemblies (0ms)
				RefreshPlugins (40ms)
				BeforeProcessingInitializeOnLoad (12ms)
				ProcessInitializeOnLoadAttributes (69ms)
				ProcessInitializeOnLoadMethodAttributes (24ms)
				AfterProcessingInitializeOnLoad (0ms)
				EditorAssembliesLoaded (0ms)
			ExecutionOrderSort2 (0ms)
			AwakeInstancesAfterBackupRestoration (0ms)
Platform modules already initialized, skipping
Registering precompiled user dll's ...
Registered in 0.003901 seconds.
Begin MonoManager ReloadAssembly
Native extension for WindowsStandalone target not found
Refreshing native plugins compatible for Editor in 45.10 ms, found 3 plugins.
Preloading 0 native plugins for Editor in 0.00 ms.
Mono: successfully reloaded assembly
- Completed reload, in  1.014 seconds
Domain Reload Profiling:
	ReloadAssembly (1015ms)
		BeginReloadAssembly (130ms)
			ExecutionOrderSort (0ms)
			DisableScriptedObjects (4ms)
			BackupInstance (0ms)
			ReleaseScriptingObjects (0ms)
			CreateAndSetChildDomain (19ms)
		EndReloadAssembly (828ms)
			LoadAssemblies (80ms)
			RebuildTransferFunctionScriptingTraits (0ms)
			SetupTypeCache (279ms)
			ReleaseScriptCaches (0ms)
			RebuildScriptCaches (43ms)
			SetupLoadedEditorAssemblies (317ms)
				LogAssemblyErrors (0ms)
				InitializePlatformSupportModulesInManaged (3ms)
				SetLoadedEditorAssemblies (0ms)
				RefreshPlugins (45ms)
				BeforeProcessingInitializeOnLoad (72ms)
				ProcessInitializeOnLoadAttributes (176ms)
				ProcessInitializeOnLoadMethodAttributes (16ms)
				AfterProcessingInitializeOnLoad (4ms)
				EditorAssembliesLoaded (0ms)
			ExecutionOrderSort2 (0ms)
			AwakeInstancesAfterBackupRestoration (5ms)
Platform modules already initialized, skipping
========================================================================
Worker process is ready to serve import requests
Launched and connected shader compiler UnityShaderCompiler.exe after 0.05 seconds
Refreshing native plugins compatible for Editor in 0.59 ms, found 3 plugins.
Preloading 0 native plugins for Editor in 0.00 ms.
Unloading 2215 Unused Serialized files (Serialized files now loaded: 0)
System memory in use before: 98.3 MB.
System memory in use after: 98.4 MB.

Unloading 28 unused Assets to reduce memory usage. Loaded Objects now: 2650.
Total: 3.845000 ms (FindLiveObjects: 0.210400 ms CreateObjectMapping: 0.051500 ms MarkObjects: 3.510700 ms  DeleteObjects: 0.071200 ms)

AssetImportParameters requested are different than current active one (requested -> active):
  custom:framework-win-MediaFoundation: 216162199b28c13a410421893ffa2e32 -> 
  custom:video-decoder-ogg-theora: a1e56fd34408186e4bbccfd4996cb3dc -> 
  custom:container-muxer-webm: aa71ff27fc2769a1b78a27578f13a17b -> 
  custom:container-demuxer-webm: 4f35f7cbe854078d1ac9338744f61a02 -> 
  custom:container-demuxer-ogg: 62fdf1f143b41e24485cea50d1cbac27 -> 
  custom:video-encoder-webm-vp8: eb34c28f22e8b96e1ab97ce403110664 -> 
  custom:video-codec-MediaFoundation-h265: 746d11721c4dcdbdad8f713fa42b33f4 -> 
  custom:video-decoder-webm-vp8: 9c59270c3fd7afecdb556c50c9e8de78 -> 
  custom:audio-decoder-ogg-vorbis: bf7c407c2cedff20999df2af8eb42d56 -> 
  custom:audio-encoder-webm-vorbis: bf7c407c2cedff20999df2af8eb42d56 -> 
========================================================================
Received Import Request.
  path: Assets/Images/door.png
  artifactKey: Guid(a5de7832023de0b45bee6da1b58828e5) Importer(815301076,1909f56bfc062723c751e8b465ee728b)
Start importing Assets/Images/door.png using Guid(a5de7832023de0b45bee6da1b58828e5) Importer(815301076,1909f56bfc062723c751e8b465ee728b)  -> (artifact id: '8debd2f525fdbec5a34f72227526160b') in 0.076666 seconds 
  Import took 0.080076 seconds .

========================================================================
Received Import Request.
  Time since last request: 27.313465 seconds.
  path: Assets/Images/door.png
  artifactKey: Guid(a5de7832023de0b45bee6da1b58828e5) Importer(815301076,1909f56bfc062723c751e8b465ee728b)
Start importing Assets/Images/door.png using Guid(a5de7832023de0b45bee6da1b58828e5) Importer(815301076,1909f56bfc062723c751e8b465ee728b)  -> (artifact id: '9d7102217ffee6185e3d27216a7d84d7') in 0.008261 seconds 
  Import took 0.012300 seconds .

========================================================================
Received Prepare
Registering precompiled user dll's ...
Registered in 0.003925 seconds.
Begin MonoManager ReloadAssembly
Native extension for WindowsStandalone target not found
Refreshing native plugins compatible for Editor in 0.53 ms, found 3 plugins.
Preloading 0 native plugins for Editor in 0.00 ms.
Mono: successfully reloaded assembly
- Completed reload, in  0.885 seconds
Domain Reload Profiling:
	ReloadAssembly (885ms)
		BeginReloadAssembly (104ms)
			ExecutionOrderSort (0ms)
			DisableScriptedObjects (5ms)
			BackupInstance (0ms)
			ReleaseScriptingObjects (0ms)
			CreateAndSetChildDomain (35ms)
		EndReloadAssembly (729ms)
			LoadAssemblies (77ms)
			RebuildTransferFunctionScriptingTraits (0ms)
			SetupTypeCache (255ms)
			ReleaseScriptCaches (1ms)
			RebuildScriptCaches (42ms)
			SetupLoadedEditorAssemblies (266ms)
				LogAssemblyErrors (0ms)
				InitializePlatformSupportModulesInManaged (4ms)
				SetLoadedEditorAssemblies (0ms)
				RefreshPlugins (1ms)
				BeforeProcessingInitializeOnLoad (72ms)
				ProcessInitializeOnLoadAttributes (174ms)
				ProcessInitializeOnLoadMethodAttributes (10ms)
				AfterProcessingInitializeOnLoad (4ms)
				EditorAssembliesLoaded (0ms)
			ExecutionOrderSort2 (0ms)
			AwakeInstancesAfterBackupRestoration (8ms)
Platform modules already initialized, skipping
Refreshing native plugins compatible for Editor in 0.51 ms, found 3 plugins.
Preloading 0 native plugins for Editor in 0.00 ms.
Unloading 2191 Unused Serialized files (Serialized files now loaded: 0)
System memory in use before: 99.3 MB.
System memory in use after: 99.4 MB.

Unloading 17 unused Assets to reduce memory usage. Loaded Objects now: 2658.
Total: 3.532600 ms (FindLiveObjects: 0.238100 ms CreateObjectMapping: 0.100500 ms MarkObjects: 3.175700 ms  DeleteObjects: 0.016600 ms)

AssetImportParameters requested are different than current active one (requested -> active):
  custom:framework-win-MediaFoundation: 216162199b28c13a410421893ffa2e32 -> 
  custom:video-decoder-ogg-theora: a1e56fd34408186e4bbccfd4996cb3dc -> 
  custom:container-muxer-webm: aa71ff27fc2769a1b78a27578f13a17b -> 
  custom:container-demuxer-webm: 4f35f7cbe854078d1ac9338744f61a02 -> 
  custom:container-demuxer-ogg: 62fdf1f143b41e24485cea50d1cbac27 -> 
  custom:video-encoder-webm-vp8: eb34c28f22e8b96e1ab97ce403110664 -> 
  custom:video-codec-MediaFoundation-h265: 746d11721c4dcdbdad8f713fa42b33f4 -> 
  custom:video-decoder-webm-vp8: 9c59270c3fd7afecdb556c50c9e8de78 -> 
  custom:audio-decoder-ogg-vorbis: bf7c407c2cedff20999df2af8eb42d56 -> 
  custom:audio-encoder-webm-vorbis: bf7c407c2cedff20999df2af8eb42d56 -> 
========================================================================
Received Import Request.
  Time since last request: 211.385679 seconds.
  path: Assets/Scenes/MainMenu.unity
  artifactKey: Guid(88806080a6f7ef54ba25f06166ca1ad2) Importer(815301076,1909f56bfc062723c751e8b465ee728b)
Start importing Assets/Scenes/MainMenu.unity using Guid(88806080a6f7ef54ba25f06166ca1ad2) Importer(815301076,1909f56bfc062723c751e8b465ee728b)  -> (artifact id: 'b24da5d01185ca92af03ed86c5b81232') in 0.012190 seconds 
  Import took 0.016191 seconds .

========================================================================
Received Import Request.
  Time since last request: 976.318632 seconds.
  path: Assets/Images/a key.png
  artifactKey: Guid(a60f51c3ff5d01d41bab6b474e0d2235) Importer(815301076,1909f56bfc062723c751e8b465ee728b)
Start importing Assets/Images/a key.png using Guid(a60f51c3ff5d01d41bab6b474e0d2235) Importer(815301076,1909f56bfc062723c751e8b465ee728b)  -> (artifact id: 'de4c3f6b306067d7c7386f0810aa6a0f') in 0.036937 seconds 
  Import took 0.040456 seconds .

========================================================================
Received Import Request.
  Time since last request: 0.000496 seconds.
  path: Assets/Images/w key.png
  artifactKey: Guid(2214bb968bbcb5d47852e7ca38540ab6) Importer(815301076,1909f56bfc062723c751e8b465ee728b)
Start importing Assets/Images/w key.png using Guid(2214bb968bbcb5d47852e7ca38540ab6) Importer(815301076,1909f56bfc062723c751e8b465ee728b)  -> (artifact id: 'f44ef49507761f52b5d30ffa9c4e610f') in 0.009310 seconds 
  Import took 0.012384 seconds .

========================================================================
Received Import Request.
  Time since last request: 0.000371 seconds.
  path: Assets/Images/d key.png
  artifactKey: Guid(3274872ed0c1411428f4d06290407c90) Importer(815301076,1909f56bfc062723c751e8b465ee728b)
Start importing Assets/Images/d key.png using Guid(3274872ed0c1411428f4d06290407c90) Importer(815301076,1909f56bfc062723c751e8b465ee728b)  -> (artifact id: '6fa6f9540469ae24f051a2df1d8ba412') in 0.008951 seconds 
  Import took 0.012166 seconds .

========================================================================
Received Import Request.
  Time since last request: 23.379472 seconds.
  path: Assets/Images/a key.png
  artifactKey: Guid(a60f51c3ff5d01d41bab6b474e0d2235) Importer(815301076,1909f56bfc062723c751e8b465ee728b)
Start importing Assets/Images/a key.png using Guid(a60f51c3ff5d01d41bab6b474e0d2235) Importer(815301076,1909f56bfc062723c751e8b465ee728b)  -> (artifact id: '863141c59fbe4b1247be1e248fc90c72') in 0.009203 seconds 
  Import took 0.012589 seconds .

========================================================================
Received Import Request.
  Time since last request: 6.160209 seconds.
  path: Assets/Images/d key.png
  artifactKey: Guid(3274872ed0c1411428f4d06290407c90) Importer(815301076,1909f56bfc062723c751e8b465ee728b)
Start importing Assets/Images/d key.png using Guid(3274872ed0c1411428f4d06290407c90) Importer(815301076,1909f56bfc062723c751e8b465ee728b)  -> (artifact id: 'c126855dbd007243b12657b825f103b4') in 0.010035 seconds 
  Import took 0.013227 seconds .

========================================================================
Received Import Request.
  Time since last request: 6.771923 seconds.
  path: Assets/Images/w key.png
  artifactKey: Guid(2214bb968bbcb5d47852e7ca38540ab6) Importer(815301076,1909f56bfc062723c751e8b465ee728b)
Start importing Assets/Images/w key.png using Guid(2214bb968bbcb5d47852e7ca38540ab6) Importer(815301076,1909f56bfc062723c751e8b465ee728b)  -> (artifact id: 'bebb98ec5f563938920e8259efc362b0') in 0.008666 seconds 
  Import took 0.012847 seconds .

========================================================================
Received Import Request.
  Time since last request: 944.362445 seconds.
  path: Assets/Images/spacebar.png
  artifactKey: Guid(0423a677c05744d4e9fe89fb5d3c6462) Importer(815301076,1909f56bfc062723c751e8b465ee728b)
Start importing Assets/Images/spacebar.png using Guid(0423a677c05744d4e9fe89fb5d3c6462) Importer(815301076,1909f56bfc062723c751e8b465ee728b)  -> (artifact id: '99f45983dd04bd04a335b6059fdb63f6') in 0.011434 seconds 
  Import took 0.015442 seconds .

========================================================================
Received Import Request.
  Time since last request: 12.680779 seconds.
  path: Assets/Images/spacebar.png
  artifactKey: Guid(0423a677c05744d4e9fe89fb5d3c6462) Importer(815301076,1909f56bfc062723c751e8b465ee728b)
Start importing Assets/Images/spacebar.png using Guid(0423a677c05744d4e9fe89fb5d3c6462) Importer(815301076,1909f56bfc062723c751e8b465ee728b)  -> (artifact id: 'f5cdda2c47e33de4aca22a7ca5e116c2') in 0.008522 seconds 
  Import took 0.012362 seconds .

========================================================================
Received Prepare
Registering precompiled user dll's ...
Registered in 0.003968 seconds.
Begin MonoManager ReloadAssembly
Native extension for WindowsStandalone target not found
Refreshing native plugins compatible for Editor in 0.48 ms, found 3 plugins.
Preloading 0 native plugins for Editor in 0.00 ms.
Mono: successfully reloaded assembly
- Completed reload, in  0.823 seconds
Domain Reload Profiling:
	ReloadAssembly (823ms)
		BeginReloadAssembly (97ms)
			ExecutionOrderSort (0ms)
			DisableScriptedObjects (5ms)
			BackupInstance (0ms)
			ReleaseScriptingObjects (0ms)
			CreateAndSetChildDomain (31ms)
		EndReloadAssembly (673ms)
			LoadAssemblies (75ms)
			RebuildTransferFunctionScriptingTraits (0ms)
			SetupTypeCache (242ms)
			ReleaseScriptCaches (1ms)
			RebuildScriptCaches (35ms)
			SetupLoadedEditorAssemblies (240ms)
				LogAssemblyErrors (0ms)
				InitializePlatformSupportModulesInManaged (3ms)
				SetLoadedEditorAssemblies (0ms)
				RefreshPlugins (1ms)
				BeforeProcessingInitializeOnLoad (66ms)
				ProcessInitializeOnLoadAttributes (156ms)
				ProcessInitializeOnLoadMethodAttributes (9ms)
				AfterProcessingInitializeOnLoad (5ms)
				EditorAssembliesLoaded (0ms)
			ExecutionOrderSort2 (0ms)
			AwakeInstancesAfterBackupRestoration (9ms)
Platform modules already initialized, skipping
Refreshing native plugins compatible for Editor in 0.48 ms, found 3 plugins.
Preloading 0 native plugins for Editor in 0.00 ms.
Unloading 2191 Unused Serialized files (Serialized files now loaded: 0)
System memory in use before: 99.3 MB.
System memory in use after: 99.5 MB.

Unloading 17 unused Assets to reduce memory usage. Loaded Objects now: 2665.
Total: 3.016800 ms (FindLiveObjects: 0.230500 ms CreateObjectMapping: 0.096800 ms MarkObjects: 2.669700 ms  DeleteObjects: 0.018200 ms)

AssetImportParameters requested are different than current active one (requested -> active):
  custom:framework-win-MediaFoundation: 216162199b28c13a410421893ffa2e32 -> 
  custom:video-decoder-ogg-theora: a1e56fd34408186e4bbccfd4996cb3dc -> 
  custom:container-muxer-webm: aa71ff27fc2769a1b78a27578f13a17b -> 
  custom:container-demuxer-webm: 4f35f7cbe854078d1ac9338744f61a02 -> 
  custom:container-demuxer-ogg: 62fdf1f143b41e24485cea50d1cbac27 -> 
  custom:video-encoder-webm-vp8: eb34c28f22e8b96e1ab97ce403110664 -> 
  custom:video-codec-MediaFoundation-h265: 746d11721c4dcdbdad8f713fa42b33f4 -> 
  custom:video-decoder-webm-vp8: 9c59270c3fd7afecdb556c50c9e8de78 -> 
  custom:audio-decoder-ogg-vorbis: bf7c407c2cedff20999df2af8eb42d56 -> 
  custom:audio-encoder-webm-vorbis: bf7c407c2cedff20999df2af8eb42d56 -> 
AssetImportWorkerClient::OnTransportError - code=2 error=End of file
